<?xml version="1.0" encoding="UTF-8"?>
<testsuite name="Logic.ReproduceTest" tests="5" skipped="0" failures="0" errors="0" timestamp="2023-01-07T23:07:26" hostname="DESKTOP-KQGARON" time="0.013">
  <properties/>
  <testcase name="getGenesFromSideOfSubordinationParent()" classname="Logic.ReproduceTest" time="0.0"/>
  <testcase name="getGenesFromSideOfDominantParent()" classname="Logic.ReproduceTest" time="0.0"/>
  <testcase name="calculatePercentageOfGenesOfDominantParent()" classname="Logic.ReproduceTest" time="0.01"/>
  <testcase name="findDominationParent()" classname="Logic.ReproduceTest" time="0.0"/>
  <testcase name="findSubordinationParent()" classname="Logic.ReproduceTest" time="0.001"/>
  <system-out><![CDATA[]]></system-out>
  <system-err><![CDATA[]]></system-err>
</testsuite>
