<?xml version="1.0" encoding="UTF-8"?>
<testsuite name="Logic.MutationTest" tests="2" skipped="0" failures="0" errors="0" timestamp="2023-01-06T15:11:55" hostname="DESKTOP-KQGARON" time="0.008">
  <properties/>
  <testcase name="normalMutation()" classname="Logic.MutationTest" time="0.007"/>
  <testcase name="controlMutation()" classname="Logic.MutationTest" time="0.001"/>
  <system-out><![CDATA[Number of mutations: 5
]]></system-out>
  <system-err><![CDATA[]]></system-err>
</testsuite>
