<?xml version="1.0" encoding="UTF-8"?>
<testsuite name="Logic.GenomeTest" tests="9" skipped="0" failures="0" errors="0" timestamp="2023-01-06T15:11:55" hostname="DESKTOP-KQGARON" time="0.021">
  <properties/>
  <testcase name="getMutator()" classname="Logic.GenomeTest" time="0.015"/>
  <testcase name="crossGenomes()" classname="Logic.GenomeTest" time="0.0"/>
  <testcase name="cutNucleusFromLeft()" classname="Logic.GenomeTest" time="0.0"/>
  <testcase name="getGene()" classname="Logic.GenomeTest" time="0.0"/>
  <testcase name="getSize()" classname="Logic.GenomeTest" time="0.0"/>
  <testcase name="cutNucleusFromRight()" classname="Logic.GenomeTest" time="0.0"/>
  <testcase name="setMutator()" classname="Logic.GenomeTest" time="0.001"/>
  <testcase name="setGenome()" classname="Logic.GenomeTest" time="0.0"/>
  <testcase name="getGenes()" classname="Logic.GenomeTest" time="0.001"/>
  <system-out><![CDATA[]]></system-out>
  <system-err><![CDATA[]]></system-err>
</testsuite>
