<?xml version="1.0" encoding="UTF-8"?>
<testsuite name="Logic.MutationTest" tests="2" skipped="0" failures="0" errors="0" timestamp="2023-01-07T23:07:26" hostname="DESKTOP-KQGARON" time="0.004">
  <properties/>
  <testcase name="normalMutation()" classname="Logic.MutationTest" time="0.003"/>
  <testcase name="controlMutation()" classname="Logic.MutationTest" time="0.001"/>
  <system-out><![CDATA[]]></system-out>
  <system-err><![CDATA[]]></system-err>
</testsuite>
